2012-12-19 22:46:12,442 [FileSystemWatcher: files=#2 cl=groovy.lang.GroovyClassLoader@1a2e808a] ERROR StackTrace  - Full Stack Trace:
org.codehaus.groovy.runtime.InvokerInvocationException: groovy.lang.MissingMethodException: No signature of method: semeru_grails_project.Pessoa.d() is applicable for argument types: (java.util.LinkedHashMap) values: [[nullable:false, blank:false]]
Possible solutions: is(java.lang.Object), find(), dump(), any(), find(groovy.lang.Closure), find(java.lang.Object)
	at org.codehaus.groovy.reflection.CachedMethod.invoke(CachedMethod.java:97)
	at groovy.lang.MetaMethod.doMethodInvoke(MetaMethod.java:233)
	at groovy.lang.MetaClassImpl.invokeMethod(MetaClassImpl.java:1071)
	at groovy.lang.ExpandoMetaClass.invokeMethod(ExpandoMetaClass.java:1110)
	at groovy.lang.MetaClassImpl.invokeMethod(MetaClassImpl.java:901)
	at groovy.lang.Closure.call(Closure.java:415)
	at org.codehaus.groovy.grails.plugins.DefaultGrailsPlugin.invokeOnChangeListener(DefaultGrailsPlugin.java:792)
	at org.codehaus.groovy.grails.plugins.DefaultGrailsPlugin.notifyOfEvent(DefaultGrailsPlugin.java:741)
	at org.codehaus.groovy.grails.plugins.DefaultGrailsPlugin.notifyOfEvent(DefaultGrailsPlugin.java:756)
	at org.codehaus.groovy.grails.plugins.AbstractGrailsPluginManager.informOfClassChange(AbstractGrailsPluginManager.java:404)
	at org.codehaus.groovy.grails.compiler.GrailsProjectWatcher$2.run(GrailsProjectWatcher.java:225)
	at org.codehaus.groovy.grails.compiler.GrailsProjectWatcher.firePendingClassChangeEvents(GrailsProjectWatcher.java:114)
	at org.codehaus.groovy.grails.cli.agent.GrailsPluginManagerReloadPlugin.reloadEvent(GrailsPluginManagerReloadPlugin.java:42)
	at com.springsource.loaded.TypeRegistry.fireReloadEvent(TypeRegistry.java:1581)
	at com.springsource.loaded.ReloadableType.loadNewVersion(ReloadableType.java:384)
	at com.springsource.loaded.TypeRegistry.loadNewVersion(TypeRegistry.java:792)
	at com.springsource.loaded.agent.ReloadableFileChangeListener.fileChanged(ReloadableFileChangeListener.java:38)
	at com.springsource.loaded.agent.Watcher.determineChangesSince(FileSystemWatcher.java:202)
	at com.springsource.loaded.agent.Watcher.run(FileSystemWatcher.java:186)
	at java.lang.Thread.run(Thread.java:722)
Caused by: groovy.lang.MissingMethodException: No signature of method: semeru_grails_project.Pessoa.d() is applicable for argument types: (java.util.LinkedHashMap) values: [[nullable:false, blank:false]]
Possible solutions: is(java.lang.Object), find(), dump(), any(), find(groovy.lang.Closure), find(java.lang.Object)
	at org.codehaus.groovy.runtime.ScriptBytecodeAdapter.unwrap(ScriptBytecodeAdapter.java:55)
	at org.codehaus.groovy.runtime.callsite.PogoMetaClassSite.callCurrent(PogoMetaClassSite.java:78)
	at org.codehaus.groovy.runtime.callsite.CallSiteArray.defaultCallCurrent(CallSiteArray.java:46)
	at org.codehaus.groovy.runtime.callsite.AbstractCallSite.callCurrent(AbstractCallSite.java:133)
	at org.codehaus.groovy.runtime.callsite.AbstractCallSite.callCurrent(AbstractCallSite.java:141)
	at semeru_grails_project.Pessoa$__clinit__closure1.doCall(Pessoa.groovy:15)
	at sun.reflect.NativeMethodAccessorImpl.invoke0(Native Method)
	at sun.reflect.NativeMethodAccessorImpl.invoke(NativeMethodAccessorImpl.java:57)
	at sun.reflect.DelegatingMethodAccessorImpl.invoke(DelegatingMethodAccessorImpl.java:43)
	at java.lang.reflect.Method.invoke(Method.java:601)
	at com.springsource.loaded.ri.OriginalClassInvoker.invoke(OriginalClassInvoker.java:34)
	at com.springsource.loaded.ri.ReflectiveInterceptor.jlrMethodInvoke(ReflectiveInterceptor.java:1260)
	at org.codehaus.groovy.runtime.callsite.PogoMetaMethodSite$PogoCachedMethodSite.invoke(PogoMetaMethodSite.java:231)
	at org.codehaus.groovy.runtime.callsite.PogoMetaMethodSite.callCurrent(PogoMetaMethodSite.java:52)
	at org.codehaus.groovy.runtime.callsite.CallSiteArray.defaultCallCurrent(CallSiteArray.java:46)
	at org.codehaus.groovy.runtime.callsite.AbstractCallSite.callCurrent(AbstractCallSite.java:133)
	at org.codehaus.groovy.runtime.callsite.AbstractCallSite.callCurrent(AbstractCallSite.java:141)
	at semeru_grails_project.Pessoa$__clinit__closure1.doCall(Pessoa.groovy)
	at sun.reflect.NativeMethodAccessorImpl.invoke0(Native Method)
	at sun.reflect.NativeMethodAccessorImpl.invoke(NativeMethodAccessorImpl.java:57)
	at sun.reflect.DelegatingMethodAccessorImpl.invoke(DelegatingMethodAccessorImpl.java:43)
	at java.lang.reflect.Method.invoke(Method.java:601)
	at com.springsource.loaded.ri.OriginalClassInvoker.invoke(OriginalClassInvoker.java:34)
	at com.springsource.loaded.ri.ReflectiveInterceptor.jlrMethodInvoke(ReflectiveInterceptor.java:1260)
	at org.codehaus.groovy.reflection.CachedMethod.invoke(CachedMethod.java:90)
	at groovy.lang.MetaMethod.doMethodInvoke(MetaMethod.java:233)
	at groovy.lang.MetaClassImpl.invokeMethod(MetaClassImpl.java:1071)
	at groovy.lang.ExpandoMetaClass.invokeMethod(ExpandoMetaClass.java:1110)
	at groovy.lang.MetaClassImpl.invokeMethod(MetaClassImpl.java:901)
	at groovy.lang.Closure.call(Closure.java:415)
	at semeru_grails_project.Pessoa$__clinit__closure1.call(Pessoa.groovy)
	at groovy.lang.Closure.call(Closure.java:409)
	at semeru_grails_project.Pessoa$__clinit__closure1.call(Pessoa.groovy)
	at org.codehaus.groovy.grails.validation.DefaultConstraintEvaluator.evaluateConstraints(DefaultConstraintEvaluator.java:105)
	at org.codehaus.groovy.grails.validation.DefaultConstraintEvaluator.evaluate(DefaultConstraintEvaluator.java:301)
	at org.codehaus.groovy.grails.commons.DefaultGrailsDomainClass.refreshConstraints(DefaultGrailsDomainClass.java:787)
	at org.codehaus.groovy.grails.commons.DefaultGrailsApplication.refreshConstraints(DefaultGrailsApplication.java:466)
	at org.codehaus.groovy.grails.commons.GrailsApplication$refreshConstraints.call(Unknown Source)
	at org.codehaus.groovy.runtime.callsite.CallSiteArray.defaultCall(CallSiteArray.java:42)
	at org.codehaus.groovy.runtime.callsite.AbstractCallSite.call(AbstractCallSite.java:108)
	at org.codehaus.groovy.runtime.callsite.AbstractCallSite.call(AbstractCallSite.java:112)
	at org.codehaus.groovy.grails.plugins.DomainClassGrailsPlugin$_closure3.doCall(DomainClassGrailsPlugin.groovy:144)
	at sun.reflect.NativeMethodAccessorImpl.invoke0(Native Method)
	at sun.reflect.NativeMethodAccessorImpl.invoke(NativeMethodAccessorImpl.java:57)
	at sun.reflect.DelegatingMethodAccessorImpl.invoke(DelegatingMethodAccessorImpl.java:43)
	at java.lang.reflect.Method.invoke(Method.java:601)
	at com.springsource.loaded.ri.ReflectiveInterceptor.jlrMethodInvoke(ReflectiveInterceptor.java:1237)
	at org.codehaus.groovy.reflection.CachedMethod.invoke(CachedMethod.java:90)
	... 19 more
2012-12-19 22:46:12,450 [FileSystemWatcher: files=#2 cl=groovy.lang.GroovyClassLoader@1a2e808a] ERROR StackTrace  - Full Stack Trace:
groovy.lang.MissingMethodException: No signature of method: semeru_grails_project.Pessoa.d() is applicable for argument types: (java.util.LinkedHashMap) values: [[nullable:false, blank:false]]
Possible solutions: is(java.lang.Object), find(), dump(), any(), find(groovy.lang.Closure), find(java.lang.Object)
	at org.codehaus.groovy.runtime.ScriptBytecodeAdapter.unwrap(ScriptBytecodeAdapter.java:55)
	at org.codehaus.groovy.runtime.callsite.PogoMetaClassSite.callCurrent(PogoMetaClassSite.java:78)
	at org.codehaus.groovy.runtime.callsite.CallSiteArray.defaultCallCurrent(CallSiteArray.java:46)
	at org.codehaus.groovy.runtime.callsite.AbstractCallSite.callCurrent(AbstractCallSite.java:133)
	at org.codehaus.groovy.runtime.callsite.AbstractCallSite.callCurrent(AbstractCallSite.java:141)
	at semeru_grails_project.Pessoa$__clinit__closure1.doCall(Pessoa.groovy:15)
	at sun.reflect.NativeMethodAccessorImpl.invoke0(Native Method)
	at sun.reflect.NativeMethodAccessorImpl.invoke(NativeMethodAccessorImpl.java:57)
	at sun.reflect.DelegatingMethodAccessorImpl.invoke(DelegatingMethodAccessorImpl.java:43)
	at java.lang.reflect.Method.invoke(Method.java:601)
	at com.springsource.loaded.ri.OriginalClassInvoker.invoke(OriginalClassInvoker.java:34)
	at com.springsource.loaded.ri.ReflectiveInterceptor.jlrMethodInvoke(ReflectiveInterceptor.java:1260)
	at org.codehaus.groovy.runtime.callsite.PogoMetaMethodSite$PogoCachedMethodSite.invoke(PogoMetaMethodSite.java:231)
	at org.codehaus.groovy.runtime.callsite.PogoMetaMethodSite.callCurrent(PogoMetaMethodSite.java:52)
	at org.codehaus.groovy.runtime.callsite.CallSiteArray.defaultCallCurrent(CallSiteArray.java:46)
	at org.codehaus.groovy.runtime.callsite.AbstractCallSite.callCurrent(AbstractCallSite.java:133)
	at org.codehaus.groovy.runtime.callsite.AbstractCallSite.callCurrent(AbstractCallSite.java:141)
	at semeru_grails_project.Pessoa$__clinit__closure1.doCall(Pessoa.groovy)
	at sun.reflect.NativeMethodAccessorImpl.invoke0(Native Method)
	at sun.reflect.NativeMethodAccessorImpl.invoke(NativeMethodAccessorImpl.java:57)
	at sun.reflect.DelegatingMethodAccessorImpl.invoke(DelegatingMethodAccessorImpl.java:43)
	at java.lang.reflect.Method.invoke(Method.java:601)
	at com.springsource.loaded.ri.OriginalClassInvoker.invoke(OriginalClassInvoker.java:34)
	at com.springsource.loaded.ri.ReflectiveInterceptor.jlrMethodInvoke(ReflectiveInterceptor.java:1260)
	at org.codehaus.groovy.reflection.CachedMethod.invoke(CachedMethod.java:90)
	at groovy.lang.MetaMethod.doMethodInvoke(MetaMethod.java:233)
	at groovy.lang.MetaClassImpl.invokeMethod(MetaClassImpl.java:1071)
	at groovy.lang.ExpandoMetaClass.invokeMethod(ExpandoMetaClass.java:1110)
	at groovy.lang.MetaClassImpl.invokeMethod(MetaClassImpl.java:901)
	at groovy.lang.Closure.call(Closure.java:415)
	at semeru_grails_project.Pessoa$__clinit__closure1.call(Pessoa.groovy)
	at groovy.lang.Closure.call(Closure.java:409)
	at semeru_grails_project.Pessoa$__clinit__closure1.call(Pessoa.groovy)
	at org.codehaus.groovy.grails.validation.DefaultConstraintEvaluator.evaluateConstraints(DefaultConstraintEvaluator.java:105)
	at org.codehaus.groovy.grails.validation.DefaultConstraintEvaluator.evaluate(DefaultConstraintEvaluator.java:301)
	at org.codehaus.groovy.grails.commons.DefaultGrailsDomainClass.refreshConstraints(DefaultGrailsDomainClass.java:787)
	at org.codehaus.groovy.grails.commons.DefaultGrailsApplication.refreshConstraints(DefaultGrailsApplication.java:466)
	at org.codehaus.groovy.grails.commons.GrailsApplication$refreshConstraints.call(Unknown Source)
	at org.codehaus.groovy.runtime.callsite.CallSiteArray.defaultCall(CallSiteArray.java:42)
	at org.codehaus.groovy.runtime.callsite.AbstractCallSite.call(AbstractCallSite.java:108)
	at org.codehaus.groovy.runtime.callsite.AbstractCallSite.call(AbstractCallSite.java:112)
	at org.codehaus.groovy.grails.plugins.DomainClassGrailsPlugin$_closure3.doCall(DomainClassGrailsPlugin.groovy:144)
	at sun.reflect.NativeMethodAccessorImpl.invoke0(Native Method)
	at sun.reflect.NativeMethodAccessorImpl.invoke(NativeMethodAccessorImpl.java:57)
	at sun.reflect.DelegatingMethodAccessorImpl.invoke(DelegatingMethodAccessorImpl.java:43)
	at java.lang.reflect.Method.invoke(Method.java:601)
	at com.springsource.loaded.ri.ReflectiveInterceptor.jlrMethodInvoke(ReflectiveInterceptor.java:1237)
	at org.codehaus.groovy.reflection.CachedMethod.invoke(CachedMethod.java:90)
	at groovy.lang.MetaMethod.doMethodInvoke(MetaMethod.java:233)
	at groovy.lang.MetaClassImpl.invokeMethod(MetaClassImpl.java:1071)
	at groovy.lang.ExpandoMetaClass.invokeMethod(ExpandoMetaClass.java:1110)
	at groovy.lang.MetaClassImpl.invokeMethod(MetaClassImpl.java:901)
	at groovy.lang.Closure.call(Closure.java:415)
	at org.codehaus.groovy.grails.plugins.DefaultGrailsPlugin.invokeOnChangeListener(DefaultGrailsPlugin.java:792)
	at org.codehaus.groovy.grails.plugins.DefaultGrailsPlugin.notifyOfEvent(DefaultGrailsPlugin.java:741)
	at org.codehaus.groovy.grails.plugins.DefaultGrailsPlugin.notifyOfEvent(DefaultGrailsPlugin.java:756)
	at org.codehaus.groovy.grails.plugins.AbstractGrailsPluginManager.informOfClassChange(AbstractGrailsPluginManager.java:404)
	at org.codehaus.groovy.grails.compiler.GrailsProjectWatcher$2.run(GrailsProjectWatcher.java:225)
	at org.codehaus.groovy.grails.compiler.GrailsProjectWatcher.firePendingClassChangeEvents(GrailsProjectWatcher.java:114)
	at org.codehaus.groovy.grails.cli.agent.GrailsPluginManagerReloadPlugin.reloadEvent(GrailsPluginManagerReloadPlugin.java:42)
	at com.springsource.loaded.TypeRegistry.fireReloadEvent(TypeRegistry.java:1581)
	at com.springsource.loaded.ReloadableType.loadNewVersion(ReloadableType.java:384)
	at com.springsource.loaded.TypeRegistry.loadNewVersion(TypeRegistry.java:792)
	at com.springsource.loaded.agent.ReloadableFileChangeListener.fileChanged(ReloadableFileChangeListener.java:38)
	at com.springsource.loaded.agent.Watcher.determineChangesSince(FileSystemWatcher.java:202)
	at com.springsource.loaded.agent.Watcher.run(FileSystemWatcher.java:186)
	at java.lang.Thread.run(Thread.java:722)
2012-12-19 22:46:12,454 [FileSystemWatcher: files=#2 cl=groovy.lang.GroovyClassLoader@1a2e808a] ERROR StackTrace  - Full Stack Trace:
org.codehaus.groovy.runtime.InvokerInvocationException: groovy.lang.MissingMethodException: No signature of method: semeru_grails_project.Pessoa.d() is applicable for argument types: (java.util.LinkedHashMap) values: [[nullable:false, blank:false]]
Possible solutions: is(java.lang.Object), find(), dump(), any(), find(groovy.lang.Closure), find(java.lang.Object)
	at java.lang.Thread.run(Thread.java:722)
Caused by: groovy.lang.MissingMethodException: No signature of method: semeru_grails_project.Pessoa.d() is applicable for argument types: (java.util.LinkedHashMap) values: [[nullable:false, blank:false]]
Possible solutions: is(java.lang.Object), find(), dump(), any(), find(groovy.lang.Closure), find(java.lang.Object)
	at semeru_grails_project.Pessoa$__clinit__closure1.doCall(Pessoa.groovy:15)
	... 1 more
2012-12-19 22:46:12,463 [FileSystemWatcher: files=#2 cl=groovy.lang.GroovyClassLoader@1a2e808a] ERROR StackTrace  - Full Stack Trace:
org.codehaus.groovy.runtime.InvokerInvocationException: groovy.lang.MissingMethodException: No signature of method: semeru_grails_project.Pessoa.d() is applicable for argument types: (java.util.LinkedHashMap) values: [[nullable:false, blank:false]]
Possible solutions: is(java.lang.Object), find(), dump(), any(), find(groovy.lang.Closure), find(java.lang.Object)
	at java.lang.Thread.run(Thread.java:722)
Caused by: groovy.lang.MissingMethodException: No signature of method: semeru_grails_project.Pessoa.d() is applicable for argument types: (java.util.LinkedHashMap) values: [[nullable:false, blank:false]]
Possible solutions: is(java.lang.Object), find(), dump(), any(), find(groovy.lang.Closure), find(java.lang.Object)
	at semeru_grails_project.Pessoa$__clinit__closure1.doCall(Pessoa.groovy:15)
	... 1 more
2012-12-19 22:46:12,470 [FileSystemWatcher: files=#2 cl=groovy.lang.GroovyClassLoader@1a2e808a] ERROR StackTrace  - Full Stack Trace:
groovy.lang.MissingMethodException: No signature of method: semeru_grails_project.Pessoa.d() is applicable for argument types: (java.util.LinkedHashMap) values: [[nullable:false, blank:false]]
Possible solutions: is(java.lang.Object), find(), dump(), any(), find(groovy.lang.Closure), find(java.lang.Object)
	at semeru_grails_project.Pessoa$__clinit__closure1.doCall(Pessoa.groovy:15)
	at java.lang.Thread.run(Thread.java:722)
2012-12-19 22:46:12,473 [FileSystemWatcher: files=#2 cl=groovy.lang.GroovyClassLoader@1a2e808a] ERROR StackTrace  - Full Stack Trace:
org.codehaus.groovy.runtime.InvokerInvocationException: groovy.lang.MissingMethodException: No signature of method: semeru_grails_project.Pessoa.d() is applicable for argument types: (java.util.LinkedHashMap) values: [[nullable:false, blank:false]]
Possible solutions: is(java.lang.Object), find(), dump(), any(), find(groovy.lang.Closure), find(java.lang.Object)
	at java.lang.Thread.run(Thread.java:722)
Caused by: groovy.lang.MissingMethodException: No signature of method: semeru_grails_project.Pessoa.d() is applicable for argument types: (java.util.LinkedHashMap) values: [[nullable:false, blank:false]]
Possible solutions: is(java.lang.Object), find(), dump(), any(), find(groovy.lang.Closure), find(java.lang.Object)
	at semeru_grails_project.Pessoa$__clinit__closure1.doCall(Pessoa.groovy:15)
	... 1 more
2012-12-19 23:24:44,776 [http-bio-8080-exec-3] ERROR StackTrace  - Full Stack Trace:
java.lang.NullPointerException
	at org.codehaus.groovy.grails.plugins.springsecurity.AnnotationFilterInvocationDefinition.determineUrl(AnnotationFilterInvocationDefinition.java:81)
	at org.codehaus.groovy.grails.plugins.springsecurity.AbstractFilterInvocationDefinition.getAttributes(AbstractFilterInvocationDefinition.java:80)
	at org.codehaus.groovy.grails.plugins.springsecurity.AnnotationFilterInvocationDefinition.getAttributes(AnnotationFilterInvocationDefinition.java)
	at org.springframework.security.access.intercept.AbstractSecurityInterceptor.beforeInvocation(AbstractSecurityInterceptor.java:172)
	at org.springframework.security.web.access.intercept.FilterSecurityInterceptor.invoke(FilterSecurityInterceptor.java:106)
	at org.springframework.security.web.access.intercept.FilterSecurityInterceptor.doFilter(FilterSecurityInterceptor.java:83)
	at org.springframework.security.web.FilterChainProxy$VirtualFilterChain.doFilter(FilterChainProxy.java:381)
	at org.springframework.security.web.access.ExceptionTranslationFilter.doFilter(ExceptionTranslationFilter.java:97)
	at org.springframework.security.web.FilterChainProxy$VirtualFilterChain.doFilter(FilterChainProxy.java:381)
	at org.springframework.security.web.authentication.AnonymousAuthenticationFilter.doFilter(AnonymousAuthenticationFilter.java:78)
	at org.springframework.security.web.FilterChainProxy$VirtualFilterChain.doFilter(FilterChainProxy.java:381)
	at org.springframework.security.web.authentication.rememberme.RememberMeAuthenticationFilter.doFilter(RememberMeAuthenticationFilter.java:112)
	at org.springframework.security.web.FilterChainProxy$VirtualFilterChain.doFilter(FilterChainProxy.java:381)
	at org.springframework.security.web.servletapi.SecurityContextHolderAwareRequestFilter.doFilter(SecurityContextHolderAwareRequestFilter.java:54)
	at org.springframework.security.web.FilterChainProxy$VirtualFilterChain.doFilter(FilterChainProxy.java:381)
	at org.springframework.security.web.authentication.AbstractAuthenticationProcessingFilter.doFilter(AbstractAuthenticationProcessingFilter.java:187)
	at org.codehaus.groovy.grails.plugins.springsecurity.RequestHolderAuthenticationFilter.doFilter(RequestHolderAuthenticationFilter.java:40)
	at org.springframework.security.web.FilterChainProxy$VirtualFilterChain.doFilter(FilterChainProxy.java:381)
	at org.codehaus.groovy.grails.plugins.springsecurity.MutableLogoutFilter.doFilter(MutableLogoutFilter.java:79)
	at org.springframework.security.web.FilterChainProxy$VirtualFilterChain.doFilter(FilterChainProxy.java:381)
	at org.springframework.security.web.context.SecurityContextPersistenceFilter.doFilter(SecurityContextPersistenceFilter.java:79)
	at org.springframework.security.web.FilterChainProxy$VirtualFilterChain.doFilter(FilterChainProxy.java:381)
	at org.springframework.security.web.FilterChainProxy.doFilter(FilterChainProxy.java:168)
	at org.springframework.web.filter.DelegatingFilterProxy.invokeDelegate(DelegatingFilterProxy.java:346)
	at org.springframework.web.filter.DelegatingFilterProxy.doFilter(DelegatingFilterProxy.java:259)
	at org.apache.catalina.core.ApplicationFilterChain.internalDoFilter(ApplicationFilterChain.java:243)
	at org.apache.catalina.core.ApplicationFilterChain.doFilter(ApplicationFilterChain.java:210)
	at org.codehaus.groovy.grails.web.servlet.mvc.GrailsWebRequestFilter.doFilterInternal(GrailsWebRequestFilter.java:69)
	at org.springframework.web.filter.OncePerRequestFilter.doFilter(OncePerRequestFilter.java:76)
	at org.apache.catalina.core.ApplicationFilterChain.internalDoFilter(ApplicationFilterChain.java:243)
	at org.apache.catalina.core.ApplicationFilterChain.doFilter(ApplicationFilterChain.java:210)
	at org.codehaus.groovy.grails.web.filters.HiddenHttpMethodFilter.doFilterInternal(HiddenHttpMethodFilter.java:69)
	at org.springframework.web.filter.OncePerRequestFilter.doFilter(OncePerRequestFilter.java:76)
	at org.apache.catalina.core.ApplicationFilterChain.internalDoFilter(ApplicationFilterChain.java:243)
	at org.apache.catalina.core.ApplicationFilterChain.doFilter(ApplicationFilterChain.java:210)
	at org.springframework.web.filter.CharacterEncodingFilter.doFilterInternal(CharacterEncodingFilter.java:88)
	at org.springframework.web.filter.OncePerRequestFilter.doFilter(OncePerRequestFilter.java:76)
	at org.springframework.web.filter.DelegatingFilterProxy.invokeDelegate(DelegatingFilterProxy.java:346)
	at org.springframework.web.filter.DelegatingFilterProxy.doFilter(DelegatingFilterProxy.java:259)
	at org.apache.catalina.core.ApplicationFilterChain.internalDoFilter(ApplicationFilterChain.java:243)
	at org.apache.catalina.core.ApplicationFilterChain.doFilter(ApplicationFilterChain.java:210)
	at org.apache.catalina.core.StandardWrapperValve.invoke(StandardWrapperValve.java:222)
	at org.apache.catalina.core.StandardContextValve.invoke(StandardContextValve.java:123)
	at org.apache.catalina.core.StandardHostValve.invoke(StandardHostValve.java:168)
	at org.apache.catalina.valves.ErrorReportValve.invoke(ErrorReportValve.java:99)
	at org.apache.catalina.core.StandardEngineValve.invoke(StandardEngineValve.java:118)
	at org.apache.catalina.connector.CoyoteAdapter.service(CoyoteAdapter.java:407)
	at org.apache.coyote.http11.AbstractHttp11Processor.process(AbstractHttp11Processor.java:1002)
	at org.apache.coyote.AbstractProtocol$AbstractConnectionHandler.process(AbstractProtocol.java:585)
	at org.apache.tomcat.util.net.JIoEndpoint$SocketProcessor.run(JIoEndpoint.java:310)
	at java.util.concurrent.ThreadPoolExecutor.runWorker(ThreadPoolExecutor.java:1110)
	at java.util.concurrent.ThreadPoolExecutor$Worker.run(ThreadPoolExecutor.java:603)
	at java.lang.Thread.run(Thread.java:722)
2012-12-19 23:24:44,782 [http-bio-8080-exec-3] ERROR StackTrace  - Full Stack Trace:
java.lang.NullPointerException
	at java.util.concurrent.ThreadPoolExecutor.runWorker(ThreadPoolExecutor.java:1110)
	at java.util.concurrent.ThreadPoolExecutor$Worker.run(ThreadPoolExecutor.java:603)
	at java.lang.Thread.run(Thread.java:722)
2012-12-19 23:24:44,866 [http-bio-8080-exec-3] ERROR StackTrace  - Full Stack Trace:
java.lang.NullPointerException
	at java.util.concurrent.ThreadPoolExecutor.runWorker(ThreadPoolExecutor.java:1110)
	at java.util.concurrent.ThreadPoolExecutor$Worker.run(ThreadPoolExecutor.java:603)
	at java.lang.Thread.run(Thread.java:722)
2012-12-19 23:24:44,866 [http-bio-8080-exec-3] ERROR StackTrace  - Full Stack Trace:
java.lang.NullPointerException
	at java.util.concurrent.ThreadPoolExecutor.runWorker(ThreadPoolExecutor.java:1110)
	at java.util.concurrent.ThreadPoolExecutor$Worker.run(ThreadPoolExecutor.java:603)
	at java.lang.Thread.run(Thread.java:722)
